#
# A fatal error has been detected by the Java Runtime Environment:
#
#  Internal Error (javaClasses.cpp:136), pid=4796, tid=4408
#  fatal error: Invalid layout of preloaded class
#
# JRE version:  (7.0_60-b19) (build )
# Java VM: Java HotSpot(TM) 64-Bit Server VM (24.60-b09 mixed mode windows-amd64 compressed oops)
# Failed to write core dump. Minidumps are not enabled by default on client versions of Windows
#
# If you would like to submit a bug report, please visit:
#   http://bugreport.sun.com/bugreport/crash.jsp
#

---------------  T H R E A D  ---------------

Current thread (0x000000000245d800):  JavaThread "Unknown thread" [_thread_in_vm, id=4408, stack(0x0000000002790000,0x0000000002890000)]

Stack: [0x0000000002790000,0x0000000002890000]
[error occurred during error reporting (printing stack bounds), id 0xc0000005]


---------------  P R O C E S S  ---------------

Java Threads: ( => current thread )

Other Threads:

=>0x000000000245d800 (exited) JavaThread "Unknown thread" [_thread_in_vm, id=4408, stack(0x0000000002790000,0x0000000002890000)]

VM state:not at safepoint (not fully initialized)

VM Mutex/Monitor currently owned by a thread: None

GC Heap History (0 events):
No events

Deoptimization events (0 events):
No events

Internal exceptions (0 events):
No events

Events (10 events):
Event: 0.174 loading class 0x000000000237f450 done
Event: 0.174 loading class 0x000000000237ee70 done
Event: 0.174 loading class 0x000000000237ee50
Event: 0.175 loading class 0x0000000002386fa0
Event: 0.176 loading class 0x0000000002386fa0 done
Event: 0.176 loading class 0x0000000002386fd0
Event: 0.176 loading class 0x0000000002386fd0 done
Event: 0.176 loading class 0x0000000002387000
Event: 0.216 loading class 0x0000000002387000 done
Event: 0.216 loading class 0x000000000237ee50 done


Dynamic libraries:
0x000000013ffa0000 - 0x000000013ffd3000 	C:\Program Files\Java\jre7\bin\javaw.exe
0x0000000076ea0000 - 0x0000000077049000 	C:\windows\SYSTEM32\ntdll.dll
0x0000000076c80000 - 0x0000000076d9f000 	C:\windows\system32\kernel32.dll
0x000007fefce60000 - 0x000007fefcecc000 	C:\windows\system32\KERNELBASE.dll
0x000007fefe010000 - 0x000007fefe0eb000 	C:\windows\system32\ADVAPI32.dll
0x000007fefdc90000 - 0x000007fefdd2f000 	C:\windows\system32\msvcrt.dll
0x000007fefd8d0000 - 0x000007fefd8ef000 	C:\windows\SYSTEM32\sechost.dll
0x000007fefd980000 - 0x000007fefdaad000 	C:\windows\system32\RPCRT4.dll
0x0000000076da0000 - 0x0000000076e9a000 	C:\windows\system32\USER32.dll
0x000007fefd860000 - 0x000007fefd8c7000 	C:\windows\system32\GDI32.dll
0x000007fefd970000 - 0x000007fefd97e000 	C:\windows\system32\LPK.dll
0x000007fefe120000 - 0x000007fefe1e9000 	C:\windows\system32\USP10.dll
0x000007fefb420000 - 0x000007fefb614000 	C:\windows\WinSxS\amd64_microsoft.windows.common-controls_6595b64144ccf1df_6.0.7601.17514_none_fa396087175ac9ac\COMCTL32.dll
0x000007fefe3a0000 - 0x000007fefe411000 	C:\windows\system32\SHLWAPI.dll
0x000007fefe0f0000 - 0x000007fefe11e000 	C:\windows\system32\IMM32.DLL
0x000007fefe1f0000 - 0x000007fefe2f9000 	C:\windows\system32\MSCTF.dll
0x000000006a4a0000 - 0x000000006a572000 	C:\Program Files\Java\jre7\bin\msvcr100.dll
0x0000000064b50000 - 0x0000000065322000 	C:\Program Files\Java\jre7\bin\server\jvm.dll
0x000007fef8ee0000 - 0x000007fef8ee9000 	C:\windows\system32\WSOCK32.dll
0x000007fefd0d0000 - 0x000007fefd11d000 	C:\windows\system32\WS2_32.dll
0x000007fefdd30000 - 0x000007fefdd38000 	C:\windows\system32\NSI.dll
0x000007fefad80000 - 0x000007fefadbb000 	C:\windows\system32\WINMM.dll
0x0000000077060000 - 0x0000000077067000 	C:\windows\system32\PSAPI.DLL
0x0000000071460000 - 0x000000007146f000 	C:\Program Files\Java\jre7\bin\verify.dll
0x000000006a630000 - 0x000000006a658000 	C:\Program Files\Java\jre7\bin\java.dll
0x0000000071440000 - 0x0000000071455000 	C:\Program Files\Java\jre7\bin\zip.dll

VM Arguments:
jvm_args: -Dfile.encoding=GBK -Xbootclasspath:D:\adt\sdk\platforms\android-19\android.jar 
java_command: so.cym.crashhandlerdemo.Main
Launcher Type: SUN_STANDARD

Environment Variables:
JAVA_HOME=C:\Program Files\Java\jdk1.7.0_60
CLASSPATH=.C:\Program Files\Java\jdk1.7.0_60\lib;C:\Program Files\Java\jdk1.7.0_60\lib\tools.jar
PATH=C:\windows\system32;C:\windows;C:\windows\System32\Wbem;C:\windows\System32\WindowsPowerShell\v1.0\;C:\Program Files\Java\jdk1.7.0_60\bin;C:\Program Files\Java\jdk1.7.0_60\jre\bin;D:\work\apache-ant-1.9.4-bin\apache-ant-1.9.4\bin;E:\install-soft\svn\bin;D:\adt\sdk\tools;D:\adt\sdk\platform-tools;E:\install-soft\python2.7;C:\MinGW\bin;E:\install-soft\t-svn1.8.7\bin;E:\install-soft\python2.7\Scripts;E:\install-soft\svn1.8.8\bin;E:\install-soft\SVN1.8.9\bin
USERNAME=hzcaoyanming
OS=Windows_NT
PROCESSOR_IDENTIFIER=Intel64 Family 6 Model 58 Stepping 9, GenuineIntel



---------------  S Y S T E M  ---------------

OS: Windows 7 , 64 bit Build 7601 Service Pack 1

CPU:total 2 (2 cores per cpu, 1 threads per core) family 6 model 58 stepping 9, cmov, cx8, fxsr, mmx, sse, sse2, sse3, ssse3, sse4.1, sse4.2, popcnt, erms, tsc, tscinvbit, tscinv

Memory: 4k page, physical 4011816k(961992k free), swap 8021768k(4127096k free)

vm_info: Java HotSpot(TM) 64-Bit Server VM (24.60-b09) for windows-amd64 JRE (1.7.0_60-b19), built on May  7 2014 12:55:18 by "java_re" with unknown MS VC++:1600

time: Wed Sep 24 11:38:14 2014
elapsed time: 0 seconds

